    ======  ======
    Time:3/14/2023 5:29:43 PM
    Title: Initiate log
    Message: 
    Time:3/14/2023 5:29:43 PM
    Title: Initiate InternalManager
    Message: Trying to Validate License
    Time:3/14/2023 5:29:43 PM
    Title: Requesting EVT
    Message: EVTP
    Time:3/14/2023 5:29:43 PM
    Title: Requesting Validation
    Message: ILMValidate
    Time:3/14/2023 5:29:43 PM
    Title: Requesting Validation
    Message: ILMValidate True
    Time:3/14/2023 5:29:43 PM
    Title: Requesting Validation
    Message: ILMValidate True NotTrial
    Entering constructor for: Telerik.VSX.UserSettingsPackage.UserSettingsPackage
    Entering Initialize() of: Telerik.VSX.UserSettingsPackage.UserSettingsPackage
    Product creation from registry failed for:HKEY_LOCAL_MACHINE\Software\Telerik\Reporting\Net4.0
    Install dir: 
    Version: 
    Product creation from registry failed for:HKEY_LOCAL_MACHINE\Software\Telerik\Reporting\R1 2023
    Install dir: 
    Version: 
    No Telerik Reporting products found in registry
    Entering constructor for: Telerik.KendoUI.Mvc.VSPackage.VsPackage
    Entering constructor for: Telerik.KendoUI.Mvc.VSPackage.VsPackage
    Entering Initialize() for: Telerik.KendoUI.Mvc.VSPackage.VsPackage
    Entering constructor for: Telerik.Xamarin.UI.VSPackage.VsPackage
    Entering constructor for: Telerik.Xamarin.UI.VSPackage.VsPackage
    Entering Initialize() for: Telerik.Xamarin.UI.VSPackage.VsPackage
    TR: Assembly resolution failed: Telerik.VSX.Notifications.1.2.0.0.XmlSerializers, Version=1.2.0.0, Culture=neutral, PublicKeyToken=0dfdc51bd06071b4
    Entering constructor for: Telerik.KendoUI.ASP.NET.Core.VSPackage.VsPackage
    Entering constructor for: Telerik.KendoUI.ASP.NET.Core.VSPackage.VsPackage
    Entering Initialize() for: Telerik.KendoUI.ASP.NET.Core.VSPackage.VsPackage
    TR: Assembly resolution failed: Telerik.VSX.Notifications.1.2.0.0.XmlSerializers, Version=1.2.0.0, Culture=neutral, PublicKeyToken=0dfdc51bd06071b4
    Entering constructor for: Telerik.Blazor.VSPackage.VsPackage
    Entering constructor for: Telerik.Blazor.VSPackage.VsPackage
    Entering Initialize() for: Telerik.Blazor.VSPackage.VsPackage
    Entering constructor for: Telerik.WinControls.Converter.VSPackage.VSPackage
    Entering Initialize() for: Telerik.WinControls.Converter.VSPackage.VSPackage
    Entering constructor for: Telerik.Web.UI.VSPackage.VSPackage
    Entering Initialize() for: Telerik.Web.UI.VSPackage.VSPackage
    Entering constructor for: Telerik.WinControls.VSPackage.VSPackage
    Entering Initialize() for: Telerik.WinControls.VSPackage.VSPackage
    Entering constructor for: Telerik.CommonPackage.VSPackage
    Entering Initialize() of: Telerik.CommonPackage.VSPackage
    TR: Assembly resolution failed: Telerik.Xamarin.UI.VSX.2023.1.116.2.XmlSerializers, Version=2023.1.116.2, Culture=neutral, PublicKeyToken=0dfdc51bd06071b4
